 command line:
   ./function1_tb_isim_beh.exe
     -intstyle  ise
     -ipchost  localhost
     -ipcport  1196

Fri Jul 18 15:44:23 2014

Total Line Count = 749

 Elaboration time 0.015625 sec.

 Estimate current memory usage 35.369 Meg. 

 Total signals 8
 Total nets 8
 Total signal drivers 6
 Total blocks 7
 Total primitive blocks 1
 Total processes 6
ntrace select -o on -m / -l this 
ntrace start 
run all 
Simulator is doing circuit initialization process.
Finished circuit initialization process.
run all 
INFO:Simulator:30 - Simulator is stopped.
