 command line:
   ./xorgate_tb_isim_beh.exe
     -intstyle  ise
     -ipchost  localhost
     -ipcport  1154

Fri Jul 18 14:53:44 2014

Total Line Count = 745

 Elaboration time 0 sec.

 Estimate current memory usage 36.4175 Meg. 

 Total signals 8
 Total nets 4
 Total signal drivers 4
 Total blocks 7
 Total primitive blocks 1
 Total processes 2
ntrace select -o on -m / -l this 
ntrace start 
run all 
Simulator is doing circuit initialization process.
Finished circuit initialization process.
run all 
INFO:Simulator:30 - Simulator is stopped.
