 command line:
   ./NORNOTGate_tb_isim_beh.exe
     -intstyle  ise
     -ipchost  localhost
     -ipcport  3228

Fri Jul 25 14:52:25 2014

Total Line Count = 747

 Elaboration time 0.015625 sec.

 Estimate current memory usage 35.3731 Meg. 

 Total signals 6
 Total nets 3
 Total signal drivers 3
 Total blocks 7
 Total primitive blocks 1
 Total processes 3
ntrace select -o on -m / -l this 
ntrace start 
run all 
Simulator is doing circuit initialization process.
Finished circuit initialization process.
run all 
INFO:Simulator:30 - Simulator is stopped.
