 command line:
   ./xorgate_four_tb_isim_beh.exe
     -intstyle  ise
     -ipchost  localhost
     -ipcport  1175

Fri Jul 18 15:22:16 2014

Total Line Count = 753

 Elaboration time 0 sec.

 Estimate current memory usage 35.369 Meg. 

 Total signals 4
 Total nets 5
 Total signal drivers 2
 Total blocks 7
 Total primitive blocks 1
 Total processes 2
ntrace select -o on -m / -l this 
ntrace start 
run all 
Simulator is doing circuit initialization process.
Finished circuit initialization process.
run all 
INFO:Simulator:30 - Simulator is stopped.
