 command line:
   ./notgate_tb_isim_beh.exe
     -intstyle  ise
     -ipchost  localhost
     -ipcport  1230

Fri Jul 18 16:24:51 2014

Total Line Count = 723

 Elaboration time 0 sec.

 Estimate current memory usage 36.4175 Meg. 

 Total signals 4
 Total nets 2
 Total signal drivers 2
 Total blocks 7
 Total primitive blocks 1
 Total processes 2
ntrace select -o on -m / -l this 
ntrace start 
run all 
Simulator is doing circuit initialization process.
Finished circuit initialization process.
run all 
INFO:Simulator:30 - Simulator is stopped.
