 command line:
   ./NORORGate_tb_isim_beh.exe
     -intstyle  ise
     -ipchost  localhost
     -ipcport  3158

Fri Jul 25 14:49:05 2014

Total Line Count = 756

 Elaboration time 0.015625 sec.

 Estimate current memory usage 35.3731 Meg. 

 Total signals 9
 Total nets 5
 Total signal drivers 5
 Total blocks 7
 Total primitive blocks 1
 Total processes 4
ntrace select -o on -m / -l this 
ntrace start 
run all 
Simulator is doing circuit initialization process.
Finished circuit initialization process.
run all 
INFO:Simulator:30 - Simulator is stopped.
